  App.cpp
D:\Hypa\Hypa\base.h(2,9): warning C4005: 'HYPA_EXPORTS': macro redefinition
  (compiling source file 'App.cpp')
      D:\Hypa\Hypa\base.h(2,9):
      'HYPA_EXPORTS' previously declared on the command line
  
C:\Program Files (x86)\Windows Kits\10\Include\10.0.22621.0\shared\minwindef.h(130,9): warning C4005: 'APIENTRY': macro redefinition
  (compiling source file 'App.cpp')
      D:\Hypa\Hypa\vendor\GLFW\include\GLFW\glfw3.h(123,11):
      see previous definition of 'APIENTRY'
  
  EventSystem.cpp
D:\Hypa\Hypa\base.h(2,9): warning C4005: 'HYPA_EXPORTS': macro redefinition
  (compiling source file 'EventSystem.cpp')
      D:\Hypa\Hypa\base.h(2,9):
      'HYPA_EXPORTS' previously declared on the command line
  
  Flags.cpp
D:\Hypa\Hypa\base.h(2,9): warning C4005: 'HYPA_EXPORTS': macro redefinition
  (compiling source file 'Flags.cpp')
      D:\Hypa\Hypa\base.h(2,9):
      'HYPA_EXPORTS' previously declared on the command line
  
  Hypa.cpp
D:\Hypa\Hypa\base.h(2,9): warning C4005: 'HYPA_EXPORTS': macro redefinition
  (compiling source file 'Hypa.cpp')
      D:\Hypa\Hypa\base.h(2,9):
      'HYPA_EXPORTS' previously declared on the command line
  
C:\Program Files (x86)\Windows Kits\10\Include\10.0.22621.0\shared\minwindef.h(130,9): warning C4005: 'APIENTRY': macro redefinition
  (compiling source file 'Hypa.cpp')
      D:\Hypa\Hypa\vendor\GLFW\include\GLFW\glfw3.h(123,11):
      see previous definition of 'APIENTRY'
  
  Layer.cpp
D:\Hypa\Hypa\base.h(2,9): warning C4005: 'HYPA_EXPORTS': macro redefinition
  (compiling source file 'Layer.cpp')
      D:\Hypa\Hypa\base.h(2,9):
      'HYPA_EXPORTS' previously declared on the command line
  
  Logging.cpp
D:\Hypa\Hypa\base.h(2,9): warning C4005: 'HYPA_EXPORTS': macro redefinition
  (compiling source file 'Logging.cpp')
      D:\Hypa\Hypa\base.h(2,9):
      'HYPA_EXPORTS' previously declared on the command line
  
  OpenGL.cpp
C:\Program Files (x86)\Windows Kits\10\Include\10.0.22621.0\shared\minwindef.h(130,9): warning C4005: 'APIENTRY': macro redefinition
  (compiling source file 'OpenGL.cpp')
      D:\Hypa\Hypa\vendor\Glad1\include\glad\glad.h(897,9):
      see previous definition of 'APIENTRY'
  
D:\Hypa\Hypa\base.h(2,9): warning C4005: 'HYPA_EXPORTS': macro redefinition
  (compiling source file 'OpenGL.cpp')
      D:\Hypa\Hypa\base.h(2,9):
      'HYPA_EXPORTS' previously declared on the command line
  
D:\Hypa\Hypa\OpenGL.cpp(151,50): warning C4267: 'argument': conversion from 'size_t' to 'GLsizei', possible loss of data
  Rendering3D.cpp
D:\Hypa\Hypa\base.h(2,9): warning C4005: 'HYPA_EXPORTS': macro redefinition
  (compiling source file 'Rendering3D.cpp')
      D:\Hypa\Hypa\base.h(2,9):
      'HYPA_EXPORTS' previously declared on the command line
  
  RenderingAPI.cpp
D:\Hypa\Hypa\base.h(2,9): warning C4005: 'HYPA_EXPORTS': macro redefinition
  (compiling source file 'RenderingAPI.cpp')
      D:\Hypa\Hypa\base.h(2,9):
      'HYPA_EXPORTS' previously declared on the command line
  
  Vulkan.cpp
D:\Hypa\Hypa\base.h(2,9): warning C4005: 'HYPA_EXPORTS': macro redefinition
  (compiling source file 'Vulkan.cpp')
      D:\Hypa\Hypa\base.h(2,9):
      'HYPA_EXPORTS' previously declared on the command line
  
  Window.cpp
D:\Hypa\Hypa\base.h(2,9): warning C4005: 'HYPA_EXPORTS': macro redefinition
  (compiling source file 'Window.cpp')
      D:\Hypa\Hypa\base.h(2,9):
      'HYPA_EXPORTS' previously declared on the command line
  
  Generating Code...
D:\Hypa\Hypa\RenderingAPI.h(47,1): warning C4172: returning address of local variable or temporary : ub
D:\Hypa\Hypa\RenderingAPI.h(47,1): warning C4172: returning address of local variable or temporary : ub
D:\Hypa\Hypa\RenderingAPI.h(47,1): warning C4172: returning address of local variable or temporary : ub
D:\Hypa\Hypa\RenderingAPI.h(47,1): warning C4172: returning address of local variable or temporary : ub
D:\Hypa\Hypa\RenderingAPI.h(47,1): warning C4172: returning address of local variable or temporary : ub
D:\Hypa\Hypa\Layer.cpp(96,1): warning C4715: 'Hypa::LayerDispatch::GetLayer': not all control paths return a value
D:\Hypa\Hypa\RenderingAPI.h(47,1): warning C4172: returning address of local variable or temporary : ub
D:\Hypa\Hypa\Flags.cpp(53,1): warning C4715: 'Hypa::Flags::GetFlag': not all control paths return a value
D:\Hypa\Hypa\RenderingAPI.h(47,1): warning C4172: returning address of local variable or temporary : ub
  glad.c
  glad_wgl.c
  Generating Code...
     Creating library D:\Hypa\x64\Debug\Hypa.lib and object D:\Hypa\x64\Debug\Hypa.exp
LINK : warning LNK4098: defaultlib 'MSVCRT' conflicts with use of other libs; use /NODEFAULTLIB:library
  Hypa.vcxproj -> D:\Hypa\x64\Debug\Hypa.dll
